<?xml version="1.0" encoding="UTF-8"?>
<!-- Generated by org.testng.reporters.JUnitReportReporter -->
<testsuite hostname="lapsun13" failures="0" tests="1" name="GetWeatherBody" time="2.170" errors="0" timestamp="2019-09-17T11:04:32 IST" skipped="0">
  <testcase classname="GetWeatherBody" name="getWeatherBody" time="2.170"/>
</testsuite> <!-- GetWeatherBody -->
