<?xml version="1.0" encoding="UTF-8"?>
<!-- Generated by org.testng.reporters.JUnitReportReporter -->
<testsuite hostname="lapsun13" failures="0" tests="1" name="Authenticate" time="2.453" errors="0" timestamp="2019-09-17T12:22:25 IST" skipped="0">
  <testcase classname="Authenticate" name="getAunthenticate" time="2.453"/>
</testsuite> <!-- Authenticate -->
